<?xml version="1.0" encoding="UTF-8"?>
<!-- Generated by org.testng.reporters.JUnitReportReporter -->
<testsuite hostname="DESKTOP-RN62EUK" failures="0" tests="1" name="getMethod.GetRequest" time="2.690" errors="0" timestamp="2024-09-26T09:31:38 EDT" skipped="0">
  <testcase classname="getMethod.GetRequest" name="getMethodTest" time="2.690"/>
  <system-out/>
</testsuite> <!-- getMethod.GetRequest -->
