<?xml version="1.0" encoding="UTF-8"?>
<!-- Generated by org.testng.reporters.JUnitReportReporter -->
<testsuite hostname="DESKTOP-RN62EUK" failures="0" tests="1" name="Api_rest" time="2.978" errors="0" timestamp="2024-09-26T10:17:01 EDT" skipped="0">
  <testcase classname="Api_rest" name="postRequest" time="2.978"/>
  <system-out/>
</testsuite> <!-- Api_rest -->
