<?xml version="1.0" encoding="UTF-8"?>
<!-- Generated by org.testng.reporters.JUnitReportReporter -->
<testsuite hostname="DESKTOP-RN62EUK" failures="0" tests="1" name="getMethod.GetMethod2" time="2.789" errors="0" timestamp="2024-09-26T10:05:19 EDT" skipped="0">
  <testcase classname="getMethod.GetMethod2" name="getAssert" time="2.789"/>
  <system-out/>
</testsuite> <!-- getMethod.GetMethod2 -->
