<?xml version="1.0" encoding="UTF-8"?>
<!-- Generated by org.testng.reporters.JUnitReportReporter -->
<testsuite hostname="DESKTOP-RN62EUK" failures="0" tests="1" name="putMehod.PutRequest" time="1.017" errors="0" timestamp="2023-01-24T16:41:25 EST" skipped="0">
  <testcase classname="putMehod.PutRequest" name="postTest" time="1.017"/>
  <system-out/>
</testsuite> <!-- putMehod.PutRequest -->
