<?xml version="1.0" encoding="UTF-8"?>
<!-- Generated by org.testng.reporters.JUnitReportReporter -->
<testsuite hostname="DESKTOP-RN62EUK" failures="0" tests="2" name="postMethod.PostRequest" time="3.643" errors="0" timestamp="2024-09-26T14:36:07 EDT" skipped="1">
  <testcase classname="postMethod.PostRequest" name="bererToken" time="3.643"/>
  <system-out/>
  <testcase classname="postMethod.PostRequest" name="postMethodTest">
    <skipped/>
  </testcase> <!-- postMethodTest -->
  <system-out/>
</testsuite> <!-- postMethod.PostRequest -->
