<?xml version="1.0" encoding="UTF-8"?>
<!-- Generated by org.testng.reporters.JUnitReportReporter -->
<testsuite hostname="DESKTOP-RN62EUK" failures="0" tests="1" name="getRequestT" time="3.796" errors="0" timestamp="2024-09-26T09:48:32 EDT" skipped="0">
  <testcase classname="getRequestT" name="getAPITest" time="3.796"/>
  <system-out/>
</testsuite> <!-- getRequestT -->
