<?xml version="1.0" encoding="UTF-8"?>
<!-- Generated by org.testng.reporters.JUnitReportReporter -->
<testsuite hostname="DESKTOP-RN62EUK" failures="0" tests="1" name="utils.FakerData" time="0.291" errors="0" timestamp="2023-12-09T16:13:16 EST" skipped="0">
  <testcase classname="utils.FakerData" name="Data" time="0.291"/>
  <system-out/>
</testsuite> <!-- utils.FakerData -->
